<?xml version="1.0" encoding="UTF-8"?>
<!-- Generated by org.testng.reporters.JUnitReportReporter -->
<testsuite hostname="Shreya" failures="0" tests="1" name="testNGExecution.Demo" time="29.740" errors="0" timestamp="13 Mar 2024 14:47:24 GMT" skipped="0">
  <testcase classname="testNGExecution.Demo" name="demo" time="29.740"/>
</testsuite> <!-- testNGExecution.Demo -->
