<?xml version="1.0" encoding="UTF-8"?>
<!-- Generated by org.testng.reporters.JUnitReportReporter -->
<testsuite hostname="Shreya" failures="0" tests="3" name="LearningTestNG.PriorityFlag" time="0.014" errors="0" timestamp="12 Mar 2024 13:28:47 GMT" skipped="0">
  <testcase classname="LearningTestNG.PriorityFlag" name="login" time="0.008"/>
  <testcase classname="LearningTestNG.PriorityFlag" name="logout" time="0.003"/>
  <testcase classname="LearningTestNG.PriorityFlag" name="addToCart" time="0.003"/>
</testsuite> <!-- LearningTestNG.PriorityFlag -->
