<?xml version="1.0" encoding="UTF-8"?>
<!-- Generated by org.testng.reporters.JUnitReportReporter -->
<testsuite hostname="Shreya" failures="0" tests="2" name="LearningTestNG.Annotations" time="0.008" errors="0" timestamp="13 Mar 2024 13:53:16 GMT" skipped="0">
  <testcase classname="LearningTestNG.Annotations" name="test1" time="0.006"/>
  <testcase classname="LearningTestNG.Annotations" name="test2" time="0.002"/>
</testsuite> <!-- LearningTestNG.Annotations -->
