<?xml version="1.0" encoding="UTF-8"?>
<!-- Generated by org.testng.reporters.JUnitReportReporter -->
<testsuite hostname="Shreya" failures="0" tests="7" name="LearningTestNG.InvocationCountFlag" time="0.024" errors="0" timestamp="12 Mar 2024 14:04:12 GMT" skipped="0">
  <testcase classname="LearningTestNG.InvocationCountFlag" name="login" time="0.008"/>
  <testcase classname="LearningTestNG.InvocationCountFlag" name="addToCart" time="0.002"/>
  <testcase classname="LearningTestNG.InvocationCountFlag" name="addToCart" time="0.005"/>
  <testcase classname="LearningTestNG.InvocationCountFlag" name="addToCart" time="0.002"/>
  <testcase classname="LearningTestNG.InvocationCountFlag" name="addToCart" time="0.003"/>
  <testcase classname="LearningTestNG.InvocationCountFlag" name="addToCart" time="0.002"/>
  <testcase classname="LearningTestNG.InvocationCountFlag" name="logout" time="0.002"/>
</testsuite> <!-- LearningTestNG.InvocationCountFlag -->
