<?xml version="1.0" encoding="UTF-8"?>
<!-- Generated by org.testng.reporters.JUnitReportReporter -->
<testsuite hostname="Shreya" failures="0" tests="3" name="LearningTestNG.FirstTestNGClass" time="0.015" errors="0" timestamp="11 Mar 2024 14:36:03 GMT" skipped="0">
  <testcase classname="LearningTestNG.FirstTestNGClass" name="addToCart" time="0.010"/>
  <testcase classname="LearningTestNG.FirstTestNGClass" name="logOut" time="0.001"/>
  <testcase classname="LearningTestNG.FirstTestNGClass" name="login" time="0.004"/>
</testsuite> <!-- LearningTestNG.FirstTestNGClass -->
