<?xml version="1.0" encoding="UTF-8"?>
<!-- Generated by org.testng.reporters.JUnitReportReporter -->
<testsuite hostname="Shreya" failures="0" tests="3" name="LearningTestNG.EnableFlag" time="0.015" errors="0" timestamp="12 Mar 2024 13:59:54 GMT" skipped="1">
  <testcase classname="LearningTestNG.EnableFlag" name="login" time="0.008"/>
  <testcase classname="LearningTestNG.EnableFlag" name="logout" time="0.007"/>
  <testcase classname="LearningTestNG.EnableFlag" name="addToCart">
    <skipped/>
  </testcase> <!-- addToCart -->
</testsuite> <!-- LearningTestNG.EnableFlag -->
