<?xml version="1.0" encoding="UTF-8"?>
<!-- Generated by org.testng.reporters.JUnitReportReporter -->
<testsuite hostname="Shreya" failures="0" tests="1" name="testNGExecution.Sumo" time="8.719" errors="0" timestamp="13 Mar 2024 14:47:24 GMT" skipped="0">
  <testcase classname="testNGExecution.Sumo" name="sumo" time="8.719"/>
</testsuite> <!-- testNGExecution.Sumo -->
