<?xml version="1.0" encoding="UTF-8"?>
<!-- Generated by org.testng.reporters.JUnitReportReporter -->
<testsuite hostname="Shreya" failures="0" tests="3" name="LearningTestNG.DependOnMethod" time="0.015" errors="0" timestamp="12 Mar 2024 14:13:50 GMT" skipped="0">
  <testcase classname="LearningTestNG.DependOnMethod" name="logout" time="0.003"/>
  <testcase classname="LearningTestNG.DependOnMethod" name="login" time="0.009"/>
  <testcase classname="LearningTestNG.DependOnMethod" name="addToCart" time="0.003"/>
</testsuite> <!-- LearningTestNG.DependOnMethod -->
